<?xml version="1.0" encoding="UTF-8"?>
<!-- Generated by org.testng.reporters.JUnitXMLReporter -->
<testsuite ignored="0" hostname="Antonios-MacBook-Pro.local" failures="0" tests="2" name="Default test" time="5.291" errors="0" timestamp="10 Jul 2020 14:52:35 GMT">
  <testcase classname="com.apiquality.api_rest_test.CollectionsTest" name="addEmployee" time="3.581"/>
  <testcase classname="com.apiquality.api_rest_test.CollectionsTest" name="login" time="1.674"/>
</testsuite> <!-- Default test -->
