<?xml version="1.0" encoding="UTF-8"?>
<testng-results ignored="0" total="2" passed="2" failed="0" skipped="0">
  <reporter-output>
  </reporter-output>
  <suite started-at="2020-07-10T14:52:29Z" name="Default suite" finished-at="2020-07-10T14:52:35Z" duration-ms="5291">
    <groups>
    </groups>
    <test started-at="2020-07-10T14:52:29Z" name="Default test" finished-at="2020-07-10T14:52:35Z" duration-ms="5291">
      <class name="com.apiquality.api_rest_test.CollectionsTest">
        <test-method signature="addEmployee()[pri:0, instance:com.apiquality.api_rest_test.CollectionsTest@6283d8b8]" started-at="2020-07-10T14:52:30Z" name="addEmployee" finished-at="2020-07-10T14:52:33Z" duration-ms="3581" status="PASS">
          <reporter-output>
          </reporter-output>
        </test-method> <!-- addEmployee -->
        <test-method signature="login()[pri:0, instance:com.apiquality.api_rest_test.CollectionsTest@6283d8b8]" started-at="2020-07-10T14:52:33Z" name="login" finished-at="2020-07-10T14:52:35Z" duration-ms="1674" status="PASS">
          <reporter-output>
          </reporter-output>
        </test-method> <!-- login -->
      </class> <!-- com.apiquality.api_rest_test.CollectionsTest -->
    </test> <!-- Default test -->
  </suite> <!-- Default suite -->
</testng-results>
